2022-08-04 08:58:30.302  INFO 12908 --- [restartedMain] c.shopme.admin.ShopmeBackEndApplication  : Starting ShopmeBackEndApplication using Java 11.0.14.1 on hieunm2-lap with PID 12908 (D:\udemy\ShopmeWebParent\ShopmeBackEnd\target\classes started by hieunm2 in D:\udemy)
2022-08-04 08:58:30.304  INFO 12908 --- [restartedMain] c.shopme.admin.ShopmeBackEndApplication  : No active profile set, falling back to 1 default profile: "default"
2022-08-04 08:58:30.385  INFO 12908 --- [restartedMain] .e.DevToolsPropertyDefaultsPostProcessor : Devtools property defaults active! Set 'spring.devtools.add-properties' to 'false' to disable
2022-08-04 08:58:30.386  INFO 12908 --- [restartedMain] .e.DevToolsPropertyDefaultsPostProcessor : For additional web related logging consider setting the 'logging.level.web' property to 'DEBUG'
2022-08-04 08:58:30.992  INFO 12908 --- [restartedMain] .s.d.r.c.RepositoryConfigurationDelegate : Bootstrapping Spring Data JPA repositories in DEFAULT mode.
2022-08-04 08:58:31.039  INFO 12908 --- [restartedMain] .s.d.r.c.RepositoryConfigurationDelegate : Finished Spring Data repository scanning in 38 ms. Found 2 JPA repository interfaces.
2022-08-04 08:58:31.555  INFO 12908 --- [restartedMain] o.s.b.w.embedded.tomcat.TomcatWebServer  : Tomcat initialized with port(s): 8080 (http)
2022-08-04 08:58:31.565  INFO 12908 --- [restartedMain] o.apache.catalina.core.StandardService   : Starting service [Tomcat]
2022-08-04 08:58:31.566  INFO 12908 --- [restartedMain] org.apache.catalina.core.StandardEngine  : Starting Servlet engine: [Apache Tomcat/9.0.65]
2022-08-04 08:58:31.693  INFO 12908 --- [restartedMain] o.a.c.c.C.[.[localhost].[/ShopmeAdmin]   : Initializing Spring embedded WebApplicationContext
2022-08-04 08:58:31.695  INFO 12908 --- [restartedMain] w.s.c.ServletWebServerApplicationContext : Root WebApplicationContext: initialization completed in 1308 ms
2022-08-04 08:58:31.898  INFO 12908 --- [restartedMain] o.hibernate.jpa.internal.util.LogHelper  : HHH000204: Processing PersistenceUnitInfo [name: default]
2022-08-04 08:58:31.949  INFO 12908 --- [restartedMain] org.hibernate.Version                    : HHH000412: Hibernate ORM core version 5.6.10.Final
2022-08-04 08:58:32.085  INFO 12908 --- [restartedMain] o.hibernate.annotations.common.Version   : HCANN000001: Hibernate Commons Annotations {5.1.2.Final}
2022-08-04 08:58:32.171  INFO 12908 --- [restartedMain] com.zaxxer.hikari.HikariDataSource       : HikariPool-1 - Starting...
2022-08-04 08:58:32.398  INFO 12908 --- [restartedMain] com.zaxxer.hikari.HikariDataSource       : HikariPool-1 - Start completed.
2022-08-04 08:58:32.408  INFO 12908 --- [restartedMain] org.hibernate.dialect.Dialect            : HHH000400: Using dialect: org.hibernate.dialect.MySQL5Dialect
2022-08-04 08:58:33.088  INFO 12908 --- [restartedMain] o.h.e.t.j.p.i.JtaPlatformInitiator       : HHH000490: Using JtaPlatform implementation: [org.hibernate.engine.transaction.jta.platform.internal.NoJtaPlatform]
2022-08-04 08:58:33.099  INFO 12908 --- [restartedMain] j.LocalContainerEntityManagerFactoryBean : Initialized JPA EntityManagerFactory for persistence unit 'default'
2022-08-04 08:58:33.534  WARN 12908 --- [restartedMain] JpaBaseConfiguration$JpaWebConfiguration : spring.jpa.open-in-view is enabled by default. Therefore, database queries may be performed during view rendering. Explicitly configure spring.jpa.open-in-view to disable this warning
2022-08-04 08:58:33.651  WARN 12908 --- [restartedMain] o.s.s.c.a.web.builders.WebSecurity       : You are asking Spring Security to ignore Ant [pattern='/images/**']. This is not recommended -- please use permitAll via HttpSecurity#authorizeHttpRequests instead.
2022-08-04 08:58:33.652  INFO 12908 --- [restartedMain] o.s.s.web.DefaultSecurityFilterChain     : Will not secure Ant [pattern='/images/**']
2022-08-04 08:58:33.652  WARN 12908 --- [restartedMain] o.s.s.c.a.web.builders.WebSecurity       : You are asking Spring Security to ignore Ant [pattern='/js/**']. This is not recommended -- please use permitAll via HttpSecurity#authorizeHttpRequests instead.
2022-08-04 08:58:33.652  INFO 12908 --- [restartedMain] o.s.s.web.DefaultSecurityFilterChain     : Will not secure Ant [pattern='/js/**']
2022-08-04 08:58:33.652  WARN 12908 --- [restartedMain] o.s.s.c.a.web.builders.WebSecurity       : You are asking Spring Security to ignore Ant [pattern='/webjars/**']. This is not recommended -- please use permitAll via HttpSecurity#authorizeHttpRequests instead.
2022-08-04 08:58:33.652  INFO 12908 --- [restartedMain] o.s.s.web.DefaultSecurityFilterChain     : Will not secure Ant [pattern='/webjars/**']
2022-08-04 08:58:33.690  INFO 12908 --- [restartedMain] o.s.s.web.DefaultSecurityFilterChain     : Will secure any request with [org.springframework.security.web.session.DisableEncodeUrlFilter@8e219ed, org.springframework.security.web.context.request.async.WebAsyncManagerIntegrationFilter@4c95ba60, org.springframework.security.web.context.SecurityContextPersistenceFilter@4a743081, org.springframework.security.web.header.HeaderWriterFilter@fc96be0, org.springframework.security.web.csrf.CsrfFilter@42dd2ca0, org.springframework.security.web.authentication.logout.LogoutFilter@1490814b, org.springframework.security.web.authentication.UsernamePasswordAuthenticationFilter@6e2823b2, org.springframework.security.web.savedrequest.RequestCacheAwareFilter@38052458, org.springframework.security.web.servletapi.SecurityContextHolderAwareRequestFilter@3cb4b95b, org.springframework.security.web.authentication.rememberme.RememberMeAuthenticationFilter@2375ef43, org.springframework.security.web.authentication.AnonymousAuthenticationFilter@3bcb8a2d, org.springframework.security.web.session.SessionManagementFilter@3620290e, org.springframework.security.web.access.ExceptionTranslationFilter@4b2c23f1, org.springframework.security.web.access.intercept.FilterSecurityInterceptor@49dc4fca]
2022-08-04 08:58:33.816  INFO 12908 --- [restartedMain] o.s.b.a.w.s.WelcomePageHandlerMapping    : Adding welcome page template: index
2022-08-04 08:58:34.271  INFO 12908 --- [restartedMain] o.s.b.d.a.OptionalLiveReloadServer       : LiveReload server is running on port 35729
2022-08-04 08:58:34.305  INFO 12908 --- [restartedMain] o.s.b.w.embedded.tomcat.TomcatWebServer  : Tomcat started on port(s): 8080 (http) with context path '/ShopmeAdmin'
2022-08-04 08:58:34.315  INFO 12908 --- [restartedMain] c.shopme.admin.ShopmeBackEndApplication  : Started ShopmeBackEndApplication in 4.583 seconds (JVM running for 5.788)
2022-08-04 09:04:05.364  INFO 12908 --- [SpringApplicationShutdownHook] j.LocalContainerEntityManagerFactoryBean : Closing JPA EntityManagerFactory for persistence unit 'default'
2022-08-04 09:04:05.367  INFO 12908 --- [SpringApplicationShutdownHook] com.zaxxer.hikari.HikariDataSource       : HikariPool-1 - Shutdown initiated...
2022-08-04 09:04:05.384  INFO 12908 --- [SpringApplicationShutdownHook] com.zaxxer.hikari.HikariDataSource       : HikariPool-1 - Shutdown completed.
2022-08-04 09:04:09.302  INFO 3736 --- [restartedMain] c.shopme.admin.ShopmeBackEndApplication  : Starting ShopmeBackEndApplication using Java 11.0.14.1 on hieunm2-lap with PID 3736 (D:\udemy\ShopmeWebParent\ShopmeBackEnd\target\classes started by hieunm2 in D:\udemy)
2022-08-04 09:04:09.306  INFO 3736 --- [restartedMain] c.shopme.admin.ShopmeBackEndApplication  : No active profile set, falling back to 1 default profile: "default"
2022-08-04 09:04:09.362  INFO 3736 --- [restartedMain] .e.DevToolsPropertyDefaultsPostProcessor : Devtools property defaults active! Set 'spring.devtools.add-properties' to 'false' to disable
2022-08-04 09:04:09.362  INFO 3736 --- [restartedMain] .e.DevToolsPropertyDefaultsPostProcessor : For additional web related logging consider setting the 'logging.level.web' property to 'DEBUG'
2022-08-04 09:04:09.993  INFO 3736 --- [restartedMain] .s.d.r.c.RepositoryConfigurationDelegate : Bootstrapping Spring Data JPA repositories in DEFAULT mode.
2022-08-04 09:04:10.041  INFO 3736 --- [restartedMain] .s.d.r.c.RepositoryConfigurationDelegate : Finished Spring Data repository scanning in 40 ms. Found 2 JPA repository interfaces.
2022-08-04 09:04:10.536  INFO 3736 --- [restartedMain] o.s.b.w.embedded.tomcat.TomcatWebServer  : Tomcat initialized with port(s): 8080 (http)
2022-08-04 09:04:10.543  INFO 3736 --- [restartedMain] o.apache.catalina.core.StandardService   : Starting service [Tomcat]
2022-08-04 09:04:10.543  INFO 3736 --- [restartedMain] org.apache.catalina.core.StandardEngine  : Starting Servlet engine: [Apache Tomcat/9.0.65]
2022-08-04 09:04:10.639  INFO 3736 --- [restartedMain] o.a.c.c.C.[.[localhost].[/ShopmeAdmin]   : Initializing Spring embedded WebApplicationContext
2022-08-04 09:04:10.639  INFO 3736 --- [restartedMain] w.s.c.ServletWebServerApplicationContext : Root WebApplicationContext: initialization completed in 1276 ms
2022-08-04 09:04:10.804  INFO 3736 --- [restartedMain] o.hibernate.jpa.internal.util.LogHelper  : HHH000204: Processing PersistenceUnitInfo [name: default]
2022-08-04 09:04:10.850  INFO 3736 --- [restartedMain] org.hibernate.Version                    : HHH000412: Hibernate ORM core version 5.6.10.Final
2022-08-04 09:04:10.974  INFO 3736 --- [restartedMain] o.hibernate.annotations.common.Version   : HCANN000001: Hibernate Commons Annotations {5.1.2.Final}
2022-08-04 09:04:11.072  INFO 3736 --- [restartedMain] com.zaxxer.hikari.HikariDataSource       : HikariPool-1 - Starting...
2022-08-04 09:04:11.307  INFO 3736 --- [restartedMain] com.zaxxer.hikari.HikariDataSource       : HikariPool-1 - Start completed.
2022-08-04 09:04:11.317  INFO 3736 --- [restartedMain] org.hibernate.dialect.Dialect            : HHH000400: Using dialect: org.hibernate.dialect.MySQL5Dialect
2022-08-04 09:04:11.882  INFO 3736 --- [restartedMain] o.h.e.t.j.p.i.JtaPlatformInitiator       : HHH000490: Using JtaPlatform implementation: [org.hibernate.engine.transaction.jta.platform.internal.NoJtaPlatform]
2022-08-04 09:04:11.896  INFO 3736 --- [restartedMain] j.LocalContainerEntityManagerFactoryBean : Initialized JPA EntityManagerFactory for persistence unit 'default'
2022-08-04 09:04:12.314  WARN 3736 --- [restartedMain] JpaBaseConfiguration$JpaWebConfiguration : spring.jpa.open-in-view is enabled by default. Therefore, database queries may be performed during view rendering. Explicitly configure spring.jpa.open-in-view to disable this warning
2022-08-04 09:04:12.463  WARN 3736 --- [restartedMain] o.s.s.c.a.web.builders.WebSecurity       : You are asking Spring Security to ignore Ant [pattern='/images/**']. This is not recommended -- please use permitAll via HttpSecurity#authorizeHttpRequests instead.
2022-08-04 09:04:12.464  INFO 3736 --- [restartedMain] o.s.s.web.DefaultSecurityFilterChain     : Will not secure Ant [pattern='/images/**']
2022-08-04 09:04:12.464  WARN 3736 --- [restartedMain] o.s.s.c.a.web.builders.WebSecurity       : You are asking Spring Security to ignore Ant [pattern='/js/**']. This is not recommended -- please use permitAll via HttpSecurity#authorizeHttpRequests instead.
2022-08-04 09:04:12.464  INFO 3736 --- [restartedMain] o.s.s.web.DefaultSecurityFilterChain     : Will not secure Ant [pattern='/js/**']
2022-08-04 09:04:12.464  WARN 3736 --- [restartedMain] o.s.s.c.a.web.builders.WebSecurity       : You are asking Spring Security to ignore Ant [pattern='/webjars/**']. This is not recommended -- please use permitAll via HttpSecurity#authorizeHttpRequests instead.
2022-08-04 09:04:12.465  INFO 3736 --- [restartedMain] o.s.s.web.DefaultSecurityFilterChain     : Will not secure Ant [pattern='/webjars/**']
2022-08-04 09:04:12.505  INFO 3736 --- [restartedMain] o.s.s.web.DefaultSecurityFilterChain     : Will secure any request with [org.springframework.security.web.session.DisableEncodeUrlFilter@18a56ff8, org.springframework.security.web.context.request.async.WebAsyncManagerIntegrationFilter@7f92ce6e, org.springframework.security.web.context.SecurityContextPersistenceFilter@1d60eb70, org.springframework.security.web.header.HeaderWriterFilter@5835f1a3, org.springframework.security.web.csrf.CsrfFilter@3d50aa9e, org.springframework.security.web.authentication.logout.LogoutFilter@4f101758, org.springframework.security.web.authentication.UsernamePasswordAuthenticationFilter@7ad3f03a, org.springframework.security.web.savedrequest.RequestCacheAwareFilter@4ee15e5c, org.springframework.security.web.servletapi.SecurityContextHolderAwareRequestFilter@3e5774e1, org.springframework.security.web.authentication.rememberme.RememberMeAuthenticationFilter@12c8d604, org.springframework.security.web.authentication.AnonymousAuthenticationFilter@75305b5f, org.springframework.security.web.session.SessionManagementFilter@60988b43, org.springframework.security.web.access.ExceptionTranslationFilter@2638d919, org.springframework.security.web.access.intercept.FilterSecurityInterceptor@4271794b]
2022-08-04 09:04:12.687  INFO 3736 --- [restartedMain] o.s.b.a.w.s.WelcomePageHandlerMapping    : Adding welcome page template: index
2022-08-04 09:04:13.140  INFO 3736 --- [restartedMain] o.s.b.d.a.OptionalLiveReloadServer       : LiveReload server is running on port 35729
2022-08-04 09:04:13.191  INFO 3736 --- [restartedMain] o.s.b.w.embedded.tomcat.TomcatWebServer  : Tomcat started on port(s): 8080 (http) with context path '/ShopmeAdmin'
2022-08-04 09:04:13.206  INFO 3736 --- [restartedMain] c.shopme.admin.ShopmeBackEndApplication  : Started ShopmeBackEndApplication in 4.431 seconds (JVM running for 5.525)
2022-08-04 09:11:12.327  INFO 3736 --- [Thread-5] j.LocalContainerEntityManagerFactoryBean : Closing JPA EntityManagerFactory for persistence unit 'default'
2022-08-04 09:11:12.333  INFO 3736 --- [Thread-5] com.zaxxer.hikari.HikariDataSource       : HikariPool-1 - Shutdown initiated...
2022-08-04 09:11:12.350  INFO 3736 --- [Thread-5] com.zaxxer.hikari.HikariDataSource       : HikariPool-1 - Shutdown completed.
2022-08-04 09:11:12.456  INFO 3736 --- [restartedMain] c.shopme.admin.ShopmeBackEndApplication  : Starting ShopmeBackEndApplication using Java 11.0.14.1 on hieunm2-lap with PID 3736 (D:\udemy\ShopmeWebParent\ShopmeBackEnd\target\classes started by hieunm2 in D:\udemy)
2022-08-04 09:11:12.457  INFO 3736 --- [restartedMain] c.shopme.admin.ShopmeBackEndApplication  : No active profile set, falling back to 1 default profile: "default"
2022-08-04 09:11:12.715  INFO 3736 --- [restartedMain] .s.d.r.c.RepositoryConfigurationDelegate : Bootstrapping Spring Data JPA repositories in DEFAULT mode.
2022-08-04 09:11:12.731  INFO 3736 --- [restartedMain] .s.d.r.c.RepositoryConfigurationDelegate : Finished Spring Data repository scanning in 15 ms. Found 2 JPA repository interfaces.
2022-08-04 09:11:12.825  INFO 3736 --- [restartedMain] o.s.b.w.embedded.tomcat.TomcatWebServer  : Tomcat initialized with port(s): 8080 (http)
2022-08-04 09:11:12.826  INFO 3736 --- [restartedMain] o.apache.catalina.core.StandardService   : Starting service [Tomcat]
2022-08-04 09:11:12.826  INFO 3736 --- [restartedMain] org.apache.catalina.core.StandardEngine  : Starting Servlet engine: [Apache Tomcat/9.0.65]
2022-08-04 09:11:12.871  INFO 3736 --- [restartedMain] o.a.c.c.C.[.[localhost].[/ShopmeAdmin]   : Initializing Spring embedded WebApplicationContext
2022-08-04 09:11:12.871  INFO 3736 --- [restartedMain] w.s.c.ServletWebServerApplicationContext : Root WebApplicationContext: initialization completed in 411 ms
2022-08-04 09:11:12.908  INFO 3736 --- [restartedMain] o.hibernate.jpa.internal.util.LogHelper  : HHH000204: Processing PersistenceUnitInfo [name: default]
2022-08-04 09:11:12.914  INFO 3736 --- [restartedMain] com.zaxxer.hikari.HikariDataSource       : HikariPool-2 - Starting...
2022-08-04 09:11:12.929  INFO 3736 --- [restartedMain] com.zaxxer.hikari.HikariDataSource       : HikariPool-2 - Start completed.
2022-08-04 09:11:12.929  INFO 3736 --- [restartedMain] org.hibernate.dialect.Dialect            : HHH000400: Using dialect: org.hibernate.dialect.MySQL5Dialect
2022-08-04 09:11:13.031  INFO 3736 --- [restartedMain] o.h.e.t.j.p.i.JtaPlatformInitiator       : HHH000490: Using JtaPlatform implementation: [org.hibernate.engine.transaction.jta.platform.internal.NoJtaPlatform]
2022-08-04 09:11:13.031  INFO 3736 --- [restartedMain] j.LocalContainerEntityManagerFactoryBean : Initialized JPA EntityManagerFactory for persistence unit 'default'
2022-08-04 09:11:13.123  WARN 3736 --- [restartedMain] JpaBaseConfiguration$JpaWebConfiguration : spring.jpa.open-in-view is enabled by default. Therefore, database queries may be performed during view rendering. Explicitly configure spring.jpa.open-in-view to disable this warning
2022-08-04 09:11:13.155  WARN 3736 --- [restartedMain] o.s.s.c.a.web.builders.WebSecurity       : You are asking Spring Security to ignore Ant [pattern='/images/**']. This is not recommended -- please use permitAll via HttpSecurity#authorizeHttpRequests instead.
2022-08-04 09:11:13.156  INFO 3736 --- [restartedMain] o.s.s.web.DefaultSecurityFilterChain     : Will not secure Ant [pattern='/images/**']
2022-08-04 09:11:13.156  WARN 3736 --- [restartedMain] o.s.s.c.a.web.builders.WebSecurity       : You are asking Spring Security to ignore Ant [pattern='/js/**']. This is not recommended -- please use permitAll via HttpSecurity#authorizeHttpRequests instead.
2022-08-04 09:11:13.156  INFO 3736 --- [restartedMain] o.s.s.web.DefaultSecurityFilterChain     : Will not secure Ant [pattern='/js/**']
2022-08-04 09:11:13.156  WARN 3736 --- [restartedMain] o.s.s.c.a.web.builders.WebSecurity       : You are asking Spring Security to ignore Ant [pattern='/webjars/**']. This is not recommended -- please use permitAll via HttpSecurity#authorizeHttpRequests instead.
2022-08-04 09:11:13.156  INFO 3736 --- [restartedMain] o.s.s.web.DefaultSecurityFilterChain     : Will not secure Ant [pattern='/webjars/**']
2022-08-04 09:11:13.164  INFO 3736 --- [restartedMain] o.s.s.web.DefaultSecurityFilterChain     : Will secure any request with [org.springframework.security.web.session.DisableEncodeUrlFilter@21e37320, org.springframework.security.web.context.request.async.WebAsyncManagerIntegrationFilter@650326e8, org.springframework.security.web.context.SecurityContextPersistenceFilter@7b0a7ab9, org.springframework.security.web.header.HeaderWriterFilter@7d612c16, org.springframework.security.web.csrf.CsrfFilter@68c7863e, org.springframework.security.web.authentication.logout.LogoutFilter@7c0405f3, org.springframework.security.web.authentication.UsernamePasswordAuthenticationFilter@5690b73b, org.springframework.security.web.savedrequest.RequestCacheAwareFilter@48be6eb9, org.springframework.security.web.servletapi.SecurityContextHolderAwareRequestFilter@3ccbea24, org.springframework.security.web.authentication.rememberme.RememberMeAuthenticationFilter@d2c3a80, org.springframework.security.web.authentication.AnonymousAuthenticationFilter@36796c1c, org.springframework.security.web.session.SessionManagementFilter@2fa8ff04, org.springframework.security.web.access.ExceptionTranslationFilter@14a4f47d, org.springframework.security.web.access.intercept.FilterSecurityInterceptor@348ed91]
2022-08-04 09:11:13.213  INFO 3736 --- [restartedMain] o.s.b.a.w.s.WelcomePageHandlerMapping    : Adding welcome page template: index
2022-08-04 09:11:13.559  INFO 3736 --- [restartedMain] o.s.b.d.a.OptionalLiveReloadServer       : LiveReload server is running on port 35729
2022-08-04 09:11:13.573  INFO 3736 --- [restartedMain] o.s.b.w.embedded.tomcat.TomcatWebServer  : Tomcat started on port(s): 8080 (http) with context path '/ShopmeAdmin'
2022-08-04 09:11:13.577  INFO 3736 --- [restartedMain] c.shopme.admin.ShopmeBackEndApplication  : Started ShopmeBackEndApplication in 1.154 seconds (JVM running for 425.896)
2022-08-04 09:11:13.582  INFO 3736 --- [restartedMain] .ConditionEvaluationDeltaLoggingListener : Condition evaluation unchanged
2022-08-04 09:11:15.279  INFO 3736 --- [Thread-7] j.LocalContainerEntityManagerFactoryBean : Closing JPA EntityManagerFactory for persistence unit 'default'
2022-08-04 09:11:15.280  INFO 3736 --- [Thread-7] com.zaxxer.hikari.HikariDataSource       : HikariPool-2 - Shutdown initiated...
2022-08-04 09:11:15.289  INFO 3736 --- [Thread-7] com.zaxxer.hikari.HikariDataSource       : HikariPool-2 - Shutdown completed.
2022-08-04 09:11:15.362  INFO 3736 --- [restartedMain] c.shopme.admin.ShopmeBackEndApplication  : Starting ShopmeBackEndApplication using Java 11.0.14.1 on hieunm2-lap with PID 3736 (D:\udemy\ShopmeWebParent\ShopmeBackEnd\target\classes started by hieunm2 in D:\udemy)
2022-08-04 09:11:15.362  INFO 3736 --- [restartedMain] c.shopme.admin.ShopmeBackEndApplication  : No active profile set, falling back to 1 default profile: "default"
2022-08-04 09:11:15.544  INFO 3736 --- [restartedMain] .s.d.r.c.RepositoryConfigurationDelegate : Bootstrapping Spring Data JPA repositories in DEFAULT mode.
2022-08-04 09:11:15.559  INFO 3736 --- [restartedMain] .s.d.r.c.RepositoryConfigurationDelegate : Finished Spring Data repository scanning in 15 ms. Found 2 JPA repository interfaces.
2022-08-04 09:11:15.648  INFO 3736 --- [restartedMain] o.s.b.w.embedded.tomcat.TomcatWebServer  : Tomcat initialized with port(s): 8080 (http)
2022-08-04 09:11:15.649  INFO 3736 --- [restartedMain] o.apache.catalina.core.StandardService   : Starting service [Tomcat]
2022-08-04 09:11:15.649  INFO 3736 --- [restartedMain] org.apache.catalina.core.StandardEngine  : Starting Servlet engine: [Apache Tomcat/9.0.65]
2022-08-04 09:11:15.688  INFO 3736 --- [restartedMain] o.a.c.c.C.[.[localhost].[/ShopmeAdmin]   : Initializing Spring embedded WebApplicationContext
2022-08-04 09:11:15.688  INFO 3736 --- [restartedMain] w.s.c.ServletWebServerApplicationContext : Root WebApplicationContext: initialization completed in 323 ms
2022-08-04 09:11:15.716  INFO 3736 --- [restartedMain] o.hibernate.jpa.internal.util.LogHelper  : HHH000204: Processing PersistenceUnitInfo [name: default]
2022-08-04 09:11:15.721  INFO 3736 --- [restartedMain] com.zaxxer.hikari.HikariDataSource       : HikariPool-3 - Starting...
2022-08-04 09:11:15.732  INFO 3736 --- [restartedMain] com.zaxxer.hikari.HikariDataSource       : HikariPool-3 - Start completed.
2022-08-04 09:11:15.732  INFO 3736 --- [restartedMain] org.hibernate.dialect.Dialect            : HHH000400: Using dialect: org.hibernate.dialect.MySQL5Dialect
2022-08-04 09:11:15.817  INFO 3736 --- [restartedMain] o.h.e.t.j.p.i.JtaPlatformInitiator       : HHH000490: Using JtaPlatform implementation: [org.hibernate.engine.transaction.jta.platform.internal.NoJtaPlatform]
2022-08-04 09:11:15.818  INFO 3736 --- [restartedMain] j.LocalContainerEntityManagerFactoryBean : Initialized JPA EntityManagerFactory for persistence unit 'default'
2022-08-04 09:11:15.888  WARN 3736 --- [restartedMain] JpaBaseConfiguration$JpaWebConfiguration : spring.jpa.open-in-view is enabled by default. Therefore, database queries may be performed during view rendering. Explicitly configure spring.jpa.open-in-view to disable this warning
2022-08-04 09:11:15.905  WARN 3736 --- [restartedMain] o.s.s.c.a.web.builders.WebSecurity       : You are asking Spring Security to ignore Ant [pattern='/images/**']. This is not recommended -- please use permitAll via HttpSecurity#authorizeHttpRequests instead.
2022-08-04 09:11:15.905  INFO 3736 --- [restartedMain] o.s.s.web.DefaultSecurityFilterChain     : Will not secure Ant [pattern='/images/**']
2022-08-04 09:11:15.905  WARN 3736 --- [restartedMain] o.s.s.c.a.web.builders.WebSecurity       : You are asking Spring Security to ignore Ant [pattern='/js/**']. This is not recommended -- please use permitAll via HttpSecurity#authorizeHttpRequests instead.
2022-08-04 09:11:15.905  INFO 3736 --- [restartedMain] o.s.s.web.DefaultSecurityFilterChain     : Will not secure Ant [pattern='/js/**']
2022-08-04 09:11:15.905  WARN 3736 --- [restartedMain] o.s.s.c.a.web.builders.WebSecurity       : You are asking Spring Security to ignore Ant [pattern='/webjars/**']. This is not recommended -- please use permitAll via HttpSecurity#authorizeHttpRequests instead.
2022-08-04 09:11:15.905  INFO 3736 --- [restartedMain] o.s.s.web.DefaultSecurityFilterChain     : Will not secure Ant [pattern='/webjars/**']
2022-08-04 09:11:15.911  INFO 3736 --- [restartedMain] o.s.s.web.DefaultSecurityFilterChain     : Will secure any request with [org.springframework.security.web.session.DisableEncodeUrlFilter@a044355, org.springframework.security.web.context.request.async.WebAsyncManagerIntegrationFilter@f981ac5, org.springframework.security.web.context.SecurityContextPersistenceFilter@409b41f7, org.springframework.security.web.header.HeaderWriterFilter@64fa0992, org.springframework.security.web.csrf.CsrfFilter@1fbe8955, org.springframework.security.web.authentication.logout.LogoutFilter@2f44a79, org.springframework.security.web.authentication.UsernamePasswordAuthenticationFilter@55d0d904, org.springframework.security.web.savedrequest.RequestCacheAwareFilter@23fc8f09, org.springframework.security.web.servletapi.SecurityContextHolderAwareRequestFilter@17fea47d, org.springframework.security.web.authentication.rememberme.RememberMeAuthenticationFilter@5905cfba, org.springframework.security.web.authentication.AnonymousAuthenticationFilter@5cd3eacb, org.springframework.security.web.session.SessionManagementFilter@2b8481f3, org.springframework.security.web.access.ExceptionTranslationFilter@4ed5ba2f, org.springframework.security.web.access.intercept.FilterSecurityInterceptor@b51d901]
2022-08-04 09:11:15.950  INFO 3736 --- [restartedMain] o.s.b.a.w.s.WelcomePageHandlerMapping    : Adding welcome page template: index
2022-08-04 09:11:16.181  INFO 3736 --- [restartedMain] o.s.b.d.a.OptionalLiveReloadServer       : LiveReload server is running on port 35729
2022-08-04 09:11:16.194  INFO 3736 --- [restartedMain] o.s.b.w.embedded.tomcat.TomcatWebServer  : Tomcat started on port(s): 8080 (http) with context path '/ShopmeAdmin'
2022-08-04 09:11:16.198  INFO 3736 --- [restartedMain] c.shopme.admin.ShopmeBackEndApplication  : Started ShopmeBackEndApplication in 0.859 seconds (JVM running for 428.516)
2022-08-04 09:11:16.199  INFO 3736 --- [restartedMain] .ConditionEvaluationDeltaLoggingListener : Condition evaluation unchanged
2022-08-04 09:13:38.402  INFO 3736 --- [Thread-11] j.LocalContainerEntityManagerFactoryBean : Closing JPA EntityManagerFactory for persistence unit 'default'
2022-08-04 09:13:38.403  INFO 3736 --- [Thread-11] com.zaxxer.hikari.HikariDataSource       : HikariPool-3 - Shutdown initiated...
2022-08-04 09:13:38.438  INFO 3736 --- [Thread-11] com.zaxxer.hikari.HikariDataSource       : HikariPool-3 - Shutdown completed.
2022-08-04 09:13:38.575  INFO 3736 --- [restartedMain] c.shopme.admin.ShopmeBackEndApplication  : Starting ShopmeBackEndApplication using Java 11.0.14.1 on hieunm2-lap with PID 3736 (D:\udemy\ShopmeWebParent\ShopmeBackEnd\target\classes started by hieunm2 in D:\udemy)
2022-08-04 09:13:38.575  INFO 3736 --- [restartedMain] c.shopme.admin.ShopmeBackEndApplication  : No active profile set, falling back to 1 default profile: "default"
2022-08-04 09:13:38.862  INFO 3736 --- [restartedMain] .s.d.r.c.RepositoryConfigurationDelegate : Bootstrapping Spring Data JPA repositories in DEFAULT mode.
2022-08-04 09:13:38.874  INFO 3736 --- [restartedMain] .s.d.r.c.RepositoryConfigurationDelegate : Finished Spring Data repository scanning in 11 ms. Found 2 JPA repository interfaces.
2022-08-04 09:13:38.959  INFO 3736 --- [restartedMain] o.s.b.w.embedded.tomcat.TomcatWebServer  : Tomcat initialized with port(s): 8080 (http)
2022-08-04 09:13:38.960  INFO 3736 --- [restartedMain] o.apache.catalina.core.StandardService   : Starting service [Tomcat]
2022-08-04 09:13:38.960  INFO 3736 --- [restartedMain] org.apache.catalina.core.StandardEngine  : Starting Servlet engine: [Apache Tomcat/9.0.65]
2022-08-04 09:13:39.053  INFO 3736 --- [restartedMain] o.a.c.c.C.[.[localhost].[/ShopmeAdmin]   : Initializing Spring embedded WebApplicationContext
2022-08-04 09:13:39.054  INFO 3736 --- [restartedMain] w.s.c.ServletWebServerApplicationContext : Root WebApplicationContext: initialization completed in 474 ms
2022-08-04 09:13:39.105  INFO 3736 --- [restartedMain] o.hibernate.jpa.internal.util.LogHelper  : HHH000204: Processing PersistenceUnitInfo [name: default]
2022-08-04 09:13:39.115  INFO 3736 --- [restartedMain] com.zaxxer.hikari.HikariDataSource       : HikariPool-4 - Starting...
2022-08-04 09:13:39.133  INFO 3736 --- [restartedMain] com.zaxxer.hikari.HikariDataSource       : HikariPool-4 - Start completed.
2022-08-04 09:13:39.134  INFO 3736 --- [restartedMain] org.hibernate.dialect.Dialect            : HHH000400: Using dialect: org.hibernate.dialect.MySQL5Dialect
2022-08-04 09:13:39.237  INFO 3736 --- [restartedMain] o.h.e.t.j.p.i.JtaPlatformInitiator       : HHH000490: Using JtaPlatform implementation: [org.hibernate.engine.transaction.jta.platform.internal.NoJtaPlatform]
2022-08-04 09:13:39.237  INFO 3736 --- [restartedMain] j.LocalContainerEntityManagerFactoryBean : Initialized JPA EntityManagerFactory for persistence unit 'default'
2022-08-04 09:13:39.392  WARN 3736 --- [restartedMain] JpaBaseConfiguration$JpaWebConfiguration : spring.jpa.open-in-view is enabled by default. Therefore, database queries may be performed during view rendering. Explicitly configure spring.jpa.open-in-view to disable this warning
2022-08-04 09:13:39.427  WARN 3736 --- [restartedMain] o.s.s.c.a.web.builders.WebSecurity       : You are asking Spring Security to ignore Ant [pattern='/images/**']. This is not recommended -- please use permitAll via HttpSecurity#authorizeHttpRequests instead.
2022-08-04 09:13:39.427  INFO 3736 --- [restartedMain] o.s.s.web.DefaultSecurityFilterChain     : Will not secure Ant [pattern='/images/**']
2022-08-04 09:13:39.427  WARN 3736 --- [restartedMain] o.s.s.c.a.web.builders.WebSecurity       : You are asking Spring Security to ignore Ant [pattern='/js/**']. This is not recommended -- please use permitAll via HttpSecurity#authorizeHttpRequests instead.
2022-08-04 09:13:39.427  INFO 3736 --- [restartedMain] o.s.s.web.DefaultSecurityFilterChain     : Will not secure Ant [pattern='/js/**']
2022-08-04 09:13:39.427  WARN 3736 --- [restartedMain] o.s.s.c.a.web.builders.WebSecurity       : You are asking Spring Security to ignore Ant [pattern='/webjars/**']. This is not recommended -- please use permitAll via HttpSecurity#authorizeHttpRequests instead.
2022-08-04 09:13:39.427  INFO 3736 --- [restartedMain] o.s.s.web.DefaultSecurityFilterChain     : Will not secure Ant [pattern='/webjars/**']
2022-08-04 09:13:39.438  INFO 3736 --- [restartedMain] o.s.s.web.DefaultSecurityFilterChain     : Will secure any request with [org.springframework.security.web.session.DisableEncodeUrlFilter@9f5e20b, org.springframework.security.web.context.request.async.WebAsyncManagerIntegrationFilter@5677dc83, org.springframework.security.web.context.SecurityContextPersistenceFilter@22f54e6e, org.springframework.security.web.header.HeaderWriterFilter@7f5635d0, org.springframework.security.web.csrf.CsrfFilter@28c52315, org.springframework.security.web.authentication.logout.LogoutFilter@784c48cc, org.springframework.security.web.authentication.UsernamePasswordAuthenticationFilter@33fa8fa5, org.springframework.security.web.savedrequest.RequestCacheAwareFilter@55d2d396, org.springframework.security.web.servletapi.SecurityContextHolderAwareRequestFilter@1be48449, org.springframework.security.web.authentication.rememberme.RememberMeAuthenticationFilter@6a04f5af, org.springframework.security.web.authentication.AnonymousAuthenticationFilter@3197e64f, org.springframework.security.web.session.SessionManagementFilter@23a91c85, org.springframework.security.web.access.ExceptionTranslationFilter@2e5b217f, org.springframework.security.web.access.intercept.FilterSecurityInterceptor@214fd244]
2022-08-04 09:13:39.491  INFO 3736 --- [restartedMain] o.s.b.a.w.s.WelcomePageHandlerMapping    : Adding welcome page template: index
2022-08-04 09:13:39.821  INFO 3736 --- [restartedMain] o.s.b.d.a.OptionalLiveReloadServer       : LiveReload server is running on port 35729
2022-08-04 09:13:39.839  INFO 3736 --- [restartedMain] o.s.b.w.embedded.tomcat.TomcatWebServer  : Tomcat started on port(s): 8080 (http) with context path '/ShopmeAdmin'
2022-08-04 09:13:39.843  INFO 3736 --- [restartedMain] c.shopme.admin.ShopmeBackEndApplication  : Started ShopmeBackEndApplication in 1.316 seconds (JVM running for 572.162)
2022-08-04 09:13:39.844  INFO 3736 --- [restartedMain] .ConditionEvaluationDeltaLoggingListener : Condition evaluation unchanged
2022-08-04 09:13:41.522  INFO 3736 --- [Thread-15] j.LocalContainerEntityManagerFactoryBean : Closing JPA EntityManagerFactory for persistence unit 'default'
2022-08-04 09:13:41.523  INFO 3736 --- [Thread-15] com.zaxxer.hikari.HikariDataSource       : HikariPool-4 - Shutdown initiated...
2022-08-04 09:13:41.536  INFO 3736 --- [Thread-15] com.zaxxer.hikari.HikariDataSource       : HikariPool-4 - Shutdown completed.
2022-08-04 09:13:41.612  INFO 3736 --- [restartedMain] c.shopme.admin.ShopmeBackEndApplication  : Starting ShopmeBackEndApplication using Java 11.0.14.1 on hieunm2-lap with PID 3736 (D:\udemy\ShopmeWebParent\ShopmeBackEnd\target\classes started by hieunm2 in D:\udemy)
2022-08-04 09:13:41.613  INFO 3736 --- [restartedMain] c.shopme.admin.ShopmeBackEndApplication  : No active profile set, falling back to 1 default profile: "default"
2022-08-04 09:13:41.780  INFO 3736 --- [restartedMain] .s.d.r.c.RepositoryConfigurationDelegate : Bootstrapping Spring Data JPA repositories in DEFAULT mode.
2022-08-04 09:13:41.797  INFO 3736 --- [restartedMain] .s.d.r.c.RepositoryConfigurationDelegate : Finished Spring Data repository scanning in 16 ms. Found 2 JPA repository interfaces.
2022-08-04 09:13:41.893  INFO 3736 --- [restartedMain] o.s.b.w.embedded.tomcat.TomcatWebServer  : Tomcat initialized with port(s): 8080 (http)
2022-08-04 09:13:41.894  INFO 3736 --- [restartedMain] o.apache.catalina.core.StandardService   : Starting service [Tomcat]
2022-08-04 09:13:41.894  INFO 3736 --- [restartedMain] org.apache.catalina.core.StandardEngine  : Starting Servlet engine: [Apache Tomcat/9.0.65]
2022-08-04 09:13:41.930  INFO 3736 --- [restartedMain] o.a.c.c.C.[.[localhost].[/ShopmeAdmin]   : Initializing Spring embedded WebApplicationContext
2022-08-04 09:13:41.930  INFO 3736 --- [restartedMain] w.s.c.ServletWebServerApplicationContext : Root WebApplicationContext: initialization completed in 313 ms
2022-08-04 09:13:41.964  INFO 3736 --- [restartedMain] o.hibernate.jpa.internal.util.LogHelper  : HHH000204: Processing PersistenceUnitInfo [name: default]
2022-08-04 09:13:41.970  INFO 3736 --- [restartedMain] com.zaxxer.hikari.HikariDataSource       : HikariPool-5 - Starting...
2022-08-04 09:13:41.982  INFO 3736 --- [restartedMain] com.zaxxer.hikari.HikariDataSource       : HikariPool-5 - Start completed.
2022-08-04 09:13:41.982  INFO 3736 --- [restartedMain] org.hibernate.dialect.Dialect            : HHH000400: Using dialect: org.hibernate.dialect.MySQL5Dialect
2022-08-04 09:13:42.106  INFO 3736 --- [restartedMain] o.h.e.t.j.p.i.JtaPlatformInitiator       : HHH000490: Using JtaPlatform implementation: [org.hibernate.engine.transaction.jta.platform.internal.NoJtaPlatform]
2022-08-04 09:13:42.106  INFO 3736 --- [restartedMain] j.LocalContainerEntityManagerFactoryBean : Initialized JPA EntityManagerFactory for persistence unit 'default'
2022-08-04 09:13:42.191  WARN 3736 --- [restartedMain] JpaBaseConfiguration$JpaWebConfiguration : spring.jpa.open-in-view is enabled by default. Therefore, database queries may be performed during view rendering. Explicitly configure spring.jpa.open-in-view to disable this warning
2022-08-04 09:13:42.222  WARN 3736 --- [restartedMain] o.s.s.c.a.web.builders.WebSecurity       : You are asking Spring Security to ignore Ant [pattern='/images/**']. This is not recommended -- please use permitAll via HttpSecurity#authorizeHttpRequests instead.
2022-08-04 09:13:42.222  INFO 3736 --- [restartedMain] o.s.s.web.DefaultSecurityFilterChain     : Will not secure Ant [pattern='/images/**']
2022-08-04 09:13:42.222  WARN 3736 --- [restartedMain] o.s.s.c.a.web.builders.WebSecurity       : You are asking Spring Security to ignore Ant [pattern='/js/**']. This is not recommended -- please use permitAll via HttpSecurity#authorizeHttpRequests instead.
2022-08-04 09:13:42.222  INFO 3736 --- [restartedMain] o.s.s.web.DefaultSecurityFilterChain     : Will not secure Ant [pattern='/js/**']
2022-08-04 09:13:42.222  WARN 3736 --- [restartedMain] o.s.s.c.a.web.builders.WebSecurity       : You are asking Spring Security to ignore Ant [pattern='/webjars/**']. This is not recommended -- please use permitAll via HttpSecurity#authorizeHttpRequests instead.
2022-08-04 09:13:42.222  INFO 3736 --- [restartedMain] o.s.s.web.DefaultSecurityFilterChain     : Will not secure Ant [pattern='/webjars/**']
2022-08-04 09:13:42.228  INFO 3736 --- [restartedMain] o.s.s.web.DefaultSecurityFilterChain     : Will secure any request with [org.springframework.security.web.session.DisableEncodeUrlFilter@12e93a82, org.springframework.security.web.context.request.async.WebAsyncManagerIntegrationFilter@d8cebd5, org.springframework.security.web.context.SecurityContextPersistenceFilter@13992349, org.springframework.security.web.header.HeaderWriterFilter@4e5bd13b, org.springframework.security.web.csrf.CsrfFilter@66c6dd90, org.springframework.security.web.authentication.logout.LogoutFilter@75061262, org.springframework.security.web.authentication.UsernamePasswordAuthenticationFilter@241cfa73, org.springframework.security.web.savedrequest.RequestCacheAwareFilter@66c0aee5, org.springframework.security.web.servletapi.SecurityContextHolderAwareRequestFilter@7602690f, org.springframework.security.web.authentication.rememberme.RememberMeAuthenticationFilter@748dc9ea, org.springframework.security.web.authentication.AnonymousAuthenticationFilter@4e805775, org.springframework.security.web.session.SessionManagementFilter@43e35cf8, org.springframework.security.web.access.ExceptionTranslationFilter@6bb3c3fc, org.springframework.security.web.access.intercept.FilterSecurityInterceptor@267721b3]
2022-08-04 09:13:42.264  INFO 3736 --- [restartedMain] o.s.b.a.w.s.WelcomePageHandlerMapping    : Adding welcome page template: index
2022-08-04 09:13:42.509  INFO 3736 --- [restartedMain] o.s.b.d.a.OptionalLiveReloadServer       : LiveReload server is running on port 35729
2022-08-04 09:13:42.525  INFO 3736 --- [restartedMain] o.s.b.w.embedded.tomcat.TomcatWebServer  : Tomcat started on port(s): 8080 (http) with context path '/ShopmeAdmin'
2022-08-04 09:13:42.529  INFO 3736 --- [restartedMain] c.shopme.admin.ShopmeBackEndApplication  : Started ShopmeBackEndApplication in 0.945 seconds (JVM running for 574.848)
2022-08-04 09:13:42.530  INFO 3736 --- [restartedMain] .ConditionEvaluationDeltaLoggingListener : Condition evaluation unchanged
2022-08-04 09:14:57.066  INFO 3736 --- [Thread-19] j.LocalContainerEntityManagerFactoryBean : Closing JPA EntityManagerFactory for persistence unit 'default'
2022-08-04 09:14:57.068  INFO 3736 --- [Thread-19] com.zaxxer.hikari.HikariDataSource       : HikariPool-5 - Shutdown initiated...
2022-08-04 09:14:57.082  INFO 3736 --- [Thread-19] com.zaxxer.hikari.HikariDataSource       : HikariPool-5 - Shutdown completed.
